commit 66357dc520673c5cb72ef4577f8619dfee5917b3
Author: Amar Trnka <amar@atlantbh.com>
Date:   Mon Mar 4 14:29:48 2013 +0100

    Fix for client install DTK-617

commit d92ebf1ed062d436297b2c248f86df0f6733d27b
Merge: 84bde12 698566e
Author: Amar Trnka <amar@atlantbh.com>
Date:   Mon Mar 4 14:28:54 2013 +0100

    Merge branch 'master' of github.com:rich-reactor8/dtk-client

commit 84bde12ec53aaf7ccf5ec97e44b42337e54f3621
Author: Amar Trnka <amar@atlantbh.com>
Date:   Mon Mar 4 14:28:38 2013 +0100

    Fix for client install DTK-617

commit 698566e0ced8311311e9e9f71b8d95c3f6bf759f
Merge: ec82229 c3e8eb8
Author: Haris KRAJINA <haris@atlantbh.com>
Date:   Mon Mar 4 14:19:11 2013 +0100

    Merge branch 'master' of github.com:rich-reactor8/dtk-client

commit ec82229bf82de1059d2794189076cc30c26a88a3
Author: Haris KRAJINA <haris@atlantbh.com>
Date:   Mon Mar 4 14:18:54 2013 +0100

    Removed debugger

commit c3e8eb88e2230fa5720b0518df16e631c5eef72c
Author: Aldin Milanovic <aldin@atlantbh.com>
Date:   Mon Mar 4 14:02:06 2013 +0100

    DTK-630 Including extra (illegal flag) gives misleading error msg

commit 406ed3f539b915df7810da5724bb8753e27e0ab6
Merge: c972dd8 5e88bc8
Author: Aldin Milanovic <aldin@atlantbh.com>
Date:   Mon Mar 4 11:50:02 2013 +0100

    Merge branch 'master' of github.com:rich-reactor8/dtk-client

commit c972dd82708e1db179811a06e6f484fecc3f10a7
Author: Aldin Milanovic <aldin@atlantbh.com>
Date:   Mon Mar 4 11:49:47 2013 +0100

    Small change in list_diffs

commit 5e88bc8362d4e360621a13406732be8c62bda21a
Author: Richard Pelavin <rich.pelavin@gmail.com>
Date:   Fri Mar 1 04:08:13 2013 +0000

    fixed typo in description of component-template/list

commit ee4a76ff8eece0110761761ffb268d410c39637d
Author: Haris KRAJINA <haris@atlantbh.com>
Date:   Thu Feb 28 17:07:26 2013 +0100

    Changes for user target client
